<?xml version="1.0" encoding="UTF-8"?>
<testsuite name="Academia Choucair" tests="1" skipped="0" failures="0" errors="0" timestamp="2022-01-19T20:40:40" hostname="DESKTOP-7JBNII6" time="22.027">
  <properties/>
  <testcase name="Burcar un curso de automatizacion" classname="Academia Choucair" time="22.027"/>
  <system-out><![CDATA[]]></system-out>
  <system-err><![CDATA[[Test worker] WARN net.thucydides.core.steps.BaseStepListener - stepStarted: net.thucydides.core.steps.ExecutedStepDescription@48c739ce
[Test worker] WARN net.thucydides.core.steps.BaseStepListener - stepStarted: net.thucydides.core.steps.ExecutedStepDescription@141a01d3
[Test worker] WARN net.thucydides.core.steps.BaseStepListener - stepStarted: net.thucydides.core.steps.ExecutedStepDescription@73cdf4d4
ene 19, 2022 3:40:40 PM org.openqa.selenium.remote.DesiredCapabilities chrome
INFORMACIÓN: Using `new ChromeOptions()` is preferred to `DesiredCapabilities.chrome()`
[Test worker] INFO net.serenitybdd.core.webdriver.driverproviders.ProvideNewDriver - Instantiating driver
[Test worker] INFO net.serenitybdd.core.webdriver.driverproviders.ProvideNewDriver - Driver capabilities: Capabilities {acceptInsecureCerts: false, browserName: chrome, chrome.switches: --start-maximized, goog:chromeOptions: {args: [--start-maximized], extensions: []}, loggingPrefs: org.openqa.selenium.logging..., platform: ANY, version: }
Starting ChromeDriver 97.0.4692.71 (adefa7837d02a07a604c1e6eff0b3a09422ab88d-refs/branch-heads/4692@{#1247}) on port 25838
Only local connections are allowed.
Please see https://chromedriver.chromium.org/security-considerations for suggestions on keeping ChromeDriver safe.
ChromeDriver was started successfully.
ene 19, 2022 3:40:42 PM org.openqa.selenium.remote.ProtocolHandshake createSession
INFORMACIÓN: Detected dialect: W3C
[Test worker] WARN net.thucydides.core.steps.BaseStepListener - stepFinished: current outcome:Burcar un curso de automatizacion:Dado que Neyla quiere aprender automatizacion en la academia Choucair
| usuario | password |
| nmartinezd | F62856far1 | [Neyla open up [Neyla opens the Pagina academia choucair]]
[Test worker] WARN net.thucydides.core.steps.BaseStepListener - stepFinished: current outcome:Burcar un curso de automatizacion:Dado que Neyla quiere aprender automatizacion en la academia Choucair
| usuario | password |
| nmartinezd | F62856far1 | [Neyla open up [Neyla opens the Pagina academia choucair]]
[Test worker] WARN net.thucydides.core.steps.BaseStepListener - stepStarted: net.thucydides.core.steps.ExecutedStepDescription@2f9c0e27
[Test worker] WARN net.thucydides.core.steps.BaseStepListener - stepStarted: net.thucydides.core.steps.ExecutedStepDescription@1fa8e9ae
[Test worker] WARN net.thucydides.core.steps.BaseStepListener - stepFinished: current outcome:Burcar un curso de automatizacion:Dado que Neyla quiere aprender automatizacion en la academia Choucair
| usuario | password |
| nmartinezd | F62856far1 | [Neyla open up [Neyla opens the Pagina academia choucair], Neyla login [Neyla clicks on Boton que visualiza el formulario para loguin]]
[Test worker] WARN net.thucydides.core.steps.BaseStepListener - stepStarted: net.thucydides.core.steps.ExecutedStepDescription@4ce538f9
[Test worker] WARN net.thucydides.core.steps.BaseStepListener - stepFinished: current outcome:Burcar un curso de automatizacion:Dado que Neyla quiere aprender automatizacion en la academia Choucair
| usuario | password |
| nmartinezd | F62856far1 | [Neyla open up [Neyla opens the Pagina academia choucair], Neyla login [Neyla clicks on Boton que visualiza el formulario para loguin, Neyla enters 'nmartinezd' into Donde nosotros ingresamos el usuario]]
[Test worker] WARN net.thucydides.core.steps.BaseStepListener - stepStarted: net.thucydides.core.steps.ExecutedStepDescription@7a02174a
[Test worker] WARN net.thucydides.core.steps.BaseStepListener - stepFinished: current outcome:Burcar un curso de automatizacion:Dado que Neyla quiere aprender automatizacion en la academia Choucair
| usuario | password |
| nmartinezd | F62856far1 | [Neyla open up [Neyla opens the Pagina academia choucair], Neyla login [Neyla clicks on Boton que visualiza el formulario para loguin, Neyla enters 'nmartinezd' into Donde nosotros ingresamos el usuario, Neyla enters 'F62856far1' into Donde nosotros ingresamos el password]]
[Test worker] WARN net.thucydides.core.steps.BaseStepListener - stepStarted: net.thucydides.core.steps.ExecutedStepDescription@2575f53b
[Test worker] WARN net.thucydides.core.steps.BaseStepListener - stepFinished: current outcome:Burcar un curso de automatizacion:Dado que Neyla quiere aprender automatizacion en la academia Choucair
| usuario | password |
| nmartinezd | F62856far1 | [Neyla open up [Neyla opens the Pagina academia choucair], Neyla login [Neyla clicks on Boton que visualiza el formulario para loguin, Neyla enters 'nmartinezd' into Donde nosotros ingresamos el usuario, Neyla enters 'F62856far1' into Donde nosotros ingresamos el password, Neyla clicks on Boton que confirma el loguin]]
[Test worker] WARN net.thucydides.core.steps.BaseStepListener - stepFinished: current outcome:Burcar un curso de automatizacion:Dado que Neyla quiere aprender automatizacion en la academia Choucair
| usuario | password |
| nmartinezd | F62856far1 | [Neyla open up [Neyla opens the Pagina academia choucair], Neyla login [Neyla clicks on Boton que visualiza el formulario para loguin, Neyla enters 'nmartinezd' into Donde nosotros ingresamos el usuario, Neyla enters 'F62856far1' into Donde nosotros ingresamos el password, Neyla clicks on Boton que confirma el loguin]]
[Test worker] WARN net.thucydides.core.steps.BaseStepListener - stepFinished: current outcome:Burcar un curso de automatizacion:Dado que Neyla quiere aprender automatizacion en la academia Choucair
| usuario | password |
| nmartinezd | F62856far1 | [Neyla open up [Neyla opens the Pagina academia choucair], Neyla login [Neyla clicks on Boton que visualiza el formulario para loguin, Neyla enters 'nmartinezd' into Donde nosotros ingresamos el usuario, Neyla enters 'F62856far1' into Donde nosotros ingresamos el password, Neyla clicks on Boton que confirma el loguin]]
[Test worker] WARN net.thucydides.core.steps.BaseStepListener - stepStarted: net.thucydides.core.steps.ExecutedStepDescription@5cc07cc9
[Test worker] WARN net.thucydides.core.steps.BaseStepListener - stepStarted: net.thucydides.core.steps.ExecutedStepDescription@1fb42388
[Test worker] WARN net.thucydides.core.steps.BaseStepListener - stepStarted: net.thucydides.core.steps.ExecutedStepDescription@253ff797
[Test worker] WARN net.thucydides.core.steps.BaseStepListener - stepFinished: current outcome:Burcar un curso de automatizacion:Dado que Neyla quiere aprender automatizacion en la academia Choucair
| usuario | password |
| nmartinezd | F62856far1 | [Neyla open up [Neyla opens the Pagina academia choucair], Neyla login [Neyla clicks on Boton que visualiza el formulario para loguin, Neyla enters 'nmartinezd' into Donde nosotros ingresamos el usuario, Neyla enters 'F62856far1' into Donde nosotros ingresamos el password, Neyla clicks on Boton que confirma el loguin]], Cuando el busca el curso en la plataforma de la academia Choucair
| course |
| Automatización de Pruebas | [Neyla search [Neyla clicks on Selecciona la Universida Choucair]]
[Test worker] WARN net.thucydides.core.steps.BaseStepListener - stepStarted: net.thucydides.core.steps.ExecutedStepDescription@8ffa62d
[Test worker] WARN net.thucydides.core.steps.BaseStepListener - stepFinished: current outcome:Burcar un curso de automatizacion:Dado que Neyla quiere aprender automatizacion en la academia Choucair
| usuario | password |
| nmartinezd | F62856far1 | [Neyla open up [Neyla opens the Pagina academia choucair], Neyla login [Neyla clicks on Boton que visualiza el formulario para loguin, Neyla enters 'nmartinezd' into Donde nosotros ingresamos el usuario, Neyla enters 'F62856far1' into Donde nosotros ingresamos el password, Neyla clicks on Boton que confirma el loguin]], Cuando el busca el curso en la plataforma de la academia Choucair
| course |
| Automatización de Pruebas | [Neyla search [Neyla clicks on Selecciona la Universida Choucair, Neyla enters 'Automatización de Pruebas' into ingresa el nombre del curso a buscar]]
[Test worker] WARN net.thucydides.core.steps.BaseStepListener - stepStarted: net.thucydides.core.steps.ExecutedStepDescription@1425b1b6
[Test worker] WARN net.thucydides.core.steps.BaseStepListener - stepFinished: current outcome:Burcar un curso de automatizacion:Dado que Neyla quiere aprender automatizacion en la academia Choucair
| usuario | password |
| nmartinezd | F62856far1 | [Neyla open up [Neyla opens the Pagina academia choucair], Neyla login [Neyla clicks on Boton que visualiza el formulario para loguin, Neyla enters 'nmartinezd' into Donde nosotros ingresamos el usuario, Neyla enters 'F62856far1' into Donde nosotros ingresamos el password, Neyla clicks on Boton que confirma el loguin]], Cuando el busca el curso en la plataforma de la academia Choucair
| course |
| Automatización de Pruebas | [Neyla search [Neyla clicks on Selecciona la Universida Choucair, Neyla enters 'Automatización de Pruebas' into ingresa el nombre del curso a buscar, Neyla clicks on Da Click para buscar el curso]]
[Test worker] WARN net.thucydides.core.steps.BaseStepListener - stepStarted: net.thucydides.core.steps.ExecutedStepDescription@43ad3c6c
[Test worker] WARN net.thucydides.core.steps.BaseStepListener - stepFinished: current outcome:Burcar un curso de automatizacion:Dado que Neyla quiere aprender automatizacion en la academia Choucair
| usuario | password |
| nmartinezd | F62856far1 | [Neyla open up [Neyla opens the Pagina academia choucair], Neyla login [Neyla clicks on Boton que visualiza el formulario para loguin, Neyla enters 'nmartinezd' into Donde nosotros ingresamos el usuario, Neyla enters 'F62856far1' into Donde nosotros ingresamos el password, Neyla clicks on Boton que confirma el loguin]], Cuando el busca el curso en la plataforma de la academia Choucair
| course |
| Automatización de Pruebas | [Neyla search [Neyla clicks on Selecciona la Universida Choucair, Neyla enters 'Automatización de Pruebas' into ingresa el nombre del curso a buscar, Neyla clicks on Da Click para buscar el curso, Neyla clicks on Da Click sobre el link del curso]]
[Test worker] WARN net.thucydides.core.steps.BaseStepListener - stepFinished: current outcome:Burcar un curso de automatizacion:Dado que Neyla quiere aprender automatizacion en la academia Choucair
| usuario | password |
| nmartinezd | F62856far1 | [Neyla open up [Neyla opens the Pagina academia choucair], Neyla login [Neyla clicks on Boton que visualiza el formulario para loguin, Neyla enters 'nmartinezd' into Donde nosotros ingresamos el usuario, Neyla enters 'F62856far1' into Donde nosotros ingresamos el password, Neyla clicks on Boton que confirma el loguin]], Cuando el busca el curso en la plataforma de la academia Choucair
| course |
| Automatización de Pruebas | [Neyla search [Neyla clicks on Selecciona la Universida Choucair, Neyla enters 'Automatización de Pruebas' into ingresa el nombre del curso a buscar, Neyla clicks on Da Click para buscar el curso, Neyla clicks on Da Click sobre el link del curso]]
[Test worker] WARN net.thucydides.core.steps.BaseStepListener - stepFinished: current outcome:Burcar un curso de automatizacion:Dado que Neyla quiere aprender automatizacion en la academia Choucair
| usuario | password |
| nmartinezd | F62856far1 | [Neyla open up [Neyla opens the Pagina academia choucair], Neyla login [Neyla clicks on Boton que visualiza el formulario para loguin, Neyla enters 'nmartinezd' into Donde nosotros ingresamos el usuario, Neyla enters 'F62856far1' into Donde nosotros ingresamos el password, Neyla clicks on Boton que confirma el loguin]], Cuando el busca el curso en la plataforma de la academia Choucair
| course |
| Automatización de Pruebas | [Neyla search [Neyla clicks on Selecciona la Universida Choucair, Neyla enters 'Automatización de Pruebas' into ingresa el nombre del curso a buscar, Neyla clicks on Da Click para buscar el curso, Neyla clicks on Da Click sobre el link del curso]]
[Test worker] WARN net.thucydides.core.steps.BaseStepListener - stepStarted: net.thucydides.core.steps.ExecutedStepDescription@7a4c84b2
[Test worker] WARN net.thucydides.core.steps.BaseStepListener - stepStarted: net.thucydides.core.steps.ExecutedStepDescription@340bc11e
[Test worker] WARN net.thucydides.core.steps.BaseStepListener - stepFinished: current outcome:Burcar un curso de automatizacion:Dado que Neyla quiere aprender automatizacion en la academia Choucair
| usuario | password |
| nmartinezd | F62856far1 | [Neyla open up [Neyla opens the Pagina academia choucair], Neyla login [Neyla clicks on Boton que visualiza el formulario para loguin, Neyla enters 'nmartinezd' into Donde nosotros ingresamos el usuario, Neyla enters 'F62856far1' into Donde nosotros ingresamos el password, Neyla clicks on Boton que confirma el loguin]], Cuando el busca el curso en la plataforma de la academia Choucair
| course |
| Automatización de Pruebas | [Neyla search [Neyla clicks on Selecciona la Universida Choucair, Neyla enters 'Automatización de Pruebas' into ingresa el nombre del curso a buscar, Neyla clicks on Da Click para buscar el curso, Neyla clicks on Da Click sobre el link del curso]], Entonces el encuentra el curso llamado
| course |
| Automatización de Pruebas | [Then answer]
[Test worker] WARN net.thucydides.core.steps.BaseStepListener - stepFinished: current outcome:Burcar un curso de automatizacion:Dado que Neyla quiere aprender automatizacion en la academia Choucair
| usuario | password |
| nmartinezd | F62856far1 | [Neyla open up [Neyla opens the Pagina academia choucair], Neyla login [Neyla clicks on Boton que visualiza el formulario para loguin, Neyla enters 'nmartinezd' into Donde nosotros ingresamos el usuario, Neyla enters 'F62856far1' into Donde nosotros ingresamos el password, Neyla clicks on Boton que confirma el loguin]], Cuando el busca el curso en la plataforma de la academia Choucair
| course |
| Automatización de Pruebas | [Neyla search [Neyla clicks on Selecciona la Universida Choucair, Neyla enters 'Automatización de Pruebas' into ingresa el nombre del curso a buscar, Neyla clicks on Da Click para buscar el curso, Neyla clicks on Da Click sobre el link del curso]], Entonces el encuentra el curso llamado
| course |
| Automatización de Pruebas | [Then answer]
[Test worker] WARN net.thucydides.core.steps.BaseStepListener - testFinished: Burcar un curso de automatizacion:Dado que Neyla quiere aprender automatizacion en la academia Choucair
| usuario | password |
| nmartinezd | F62856far1 | [Neyla open up [Neyla opens the Pagina academia choucair], Neyla login [Neyla clicks on Boton que visualiza el formulario para loguin, Neyla enters 'nmartinezd' into Donde nosotros ingresamos el usuario, Neyla enters 'F62856far1' into Donde nosotros ingresamos el password, Neyla clicks on Boton que confirma el loguin]], Cuando el busca el curso en la plataforma de la academia Choucair
| course |
| Automatización de Pruebas | [Neyla search [Neyla clicks on Selecciona la Universida Choucair, Neyla enters 'Automatización de Pruebas' into ingresa el nombre del curso a buscar, Neyla clicks on Da Click para buscar el curso, Neyla clicks on Da Click sobre el link del curso]], Entonces el encuentra el curso llamado
| course |
| Automatización de Pruebas | [Then answer]
[Test worker] WARN net.thucydides.core.steps.BaseStepListener - TestOutcomes: [Burcar un curso de automatizacion:Dado que Neyla quiere aprender automatizacion en la academia Choucair
| usuario | password |
| nmartinezd | F62856far1 | [Neyla open up [Neyla opens the Pagina academia choucair], Neyla login [Neyla clicks on Boton que visualiza el formulario para loguin, Neyla enters 'nmartinezd' into Donde nosotros ingresamos el usuario, Neyla enters 'F62856far1' into Donde nosotros ingresamos el password, Neyla clicks on Boton que confirma el loguin]], Cuando el busca el curso en la plataforma de la academia Choucair
| course |
| Automatización de Pruebas | [Neyla search [Neyla clicks on Selecciona la Universida Choucair, Neyla enters 'Automatización de Pruebas' into ingresa el nombre del curso a buscar, Neyla clicks on Da Click para buscar el curso, Neyla clicks on Da Click sobre el link del curso]], Entonces el encuentra el curso llamado
| course |
| Automatización de Pruebas | [Then answer]]
[Test worker] WARN net.thucydides.core.steps.BaseStepListener - Final testOutcomes: [Burcar un curso de automatizacion:Dado que Neyla quiere aprender automatizacion en la academia Choucair
| usuario | password |
| nmartinezd | F62856far1 | [Neyla open up [Neyla opens the Pagina academia choucair], Neyla login [Neyla clicks on Boton que visualiza el formulario para loguin, Neyla enters 'nmartinezd' into Donde nosotros ingresamos el usuario, Neyla enters 'F62856far1' into Donde nosotros ingresamos el password, Neyla clicks on Boton que confirma el loguin]], Cuando el busca el curso en la plataforma de la academia Choucair
| course |
| Automatización de Pruebas | [Neyla search [Neyla clicks on Selecciona la Universida Choucair, Neyla enters 'Automatización de Pruebas' into ingresa el nombre del curso a buscar, Neyla clicks on Da Click para buscar el curso, Neyla clicks on Da Click sobre el link del curso]], Entonces el encuentra el curso llamado
| course |
| Automatización de Pruebas | [Then answer]]
[Test worker] INFO net.thucydides.core.steps.ConsoleLoggingListener - 
        __    _____ _____ ____ _____   ____   _    ____  ____  _____ ____  
  _     \ \  |_   _| ____/ ___|_   _| |  _ \ / \  / ___|/ ___|| ____|  _ \ 
 (_)_____| |   | | |  _| \___ \ | |   | |_) / _ \ \___ \\___ \|  _| | | | |
  _|_____| |   | | | |___ ___) || |   |  __/ ___ \ ___) |___) | |___| |_| |
 (_)     | |   |_| |_____|____/ |_|   |_| /_/   \_\____/|____/|_____|____/ 
        /_/                                                                

TEST PASSED: Burcar un curso de automatizacion
----------------------------------------------------------------------------
]]></system-err>
</testsuite>
